Determining if the Q_WS_WIN exist failed with the following output:
Change Dir: /home/mcifti/VolumeRendering/VolRender/CMakeFiles/CMakeTmp

Run Build Command:/usr/bin/make "cmTryCompileExec2513196632/fast"
/usr/bin/make -f CMakeFiles/cmTryCompileExec2513196632.dir/build.make CMakeFiles/cmTryCompileExec2513196632.dir/build
make[1]: entrant dans le répertoire « /home/mcifti/VolumeRendering/VolRender/CMakeFiles/CMakeTmp »
/usr/bin/cmake -E cmake_progress_report /home/mcifti/VolumeRendering/VolRender/CMakeFiles/CMakeTmp/CMakeFiles 1
Building CXX object CMakeFiles/cmTryCompileExec2513196632.dir/CheckSymbolExists.cxx.o
/usr/bin/c++    -I/usr/include/qt4    -o CMakeFiles/cmTryCompileExec2513196632.dir/CheckSymbolExists.cxx.o -c /home/mcifti/VolumeRendering/VolRender/CMakeFiles/CMakeTmp/CheckSymbolExists.cxx
/home/mcifti/VolumeRendering/VolRender/CMakeFiles/CMakeTmp/CheckSymbolExists.cxx: In function ‘int main(int, char**)’:
/home/mcifti/VolumeRendering/VolRender/CMakeFiles/CMakeTmp/CheckSymbolExists.cxx:8:19: error: ‘Q_WS_WIN’ was not declared in this scope
make[1]: quittant le répertoire « /home/mcifti/VolumeRendering/VolRender/CMakeFiles/CMakeTmp »
make[1]: *** [CMakeFiles/cmTryCompileExec2513196632.dir/CheckSymbolExists.cxx.o] Erreur 1
make: *** [cmTryCompileExec2513196632/fast] Erreur 2

File /home/mcifti/VolumeRendering/VolRender/CMakeFiles/CMakeTmp/CheckSymbolExists.cxx:
/* */
#include <QtCore/qglobal.h>

int main(int argc, char** argv)
{
  (void)argv;
#ifndef Q_WS_WIN
  return ((int*)(&Q_WS_WIN))[argc];
#else
  (void)argc;
  return 0;
#endif
}

Determining if the Q_WS_QWS exist failed with the following output:
Change Dir: /home/mcifti/VolumeRendering/VolRender/CMakeFiles/CMakeTmp

Run Build Command:/usr/bin/make "cmTryCompileExec3234571262/fast"
/usr/bin/make -f CMakeFiles/cmTryCompileExec3234571262.dir/build.make CMakeFiles/cmTryCompileExec3234571262.dir/build
make[1]: entrant dans le répertoire « /home/mcifti/VolumeRendering/VolRender/CMakeFiles/CMakeTmp »
/usr/bin/cmake -E cmake_progress_report /home/mcifti/VolumeRendering/VolRender/CMakeFiles/CMakeTmp/CMakeFiles 1
Building CXX object CMakeFiles/cmTryCompileExec3234571262.dir/CheckSymbolExists.cxx.o
/usr/bin/c++    -I/usr/include/qt4    -o CMakeFiles/cmTryCompileExec3234571262.dir/CheckSymbolExists.cxx.o -c /home/mcifti/VolumeRendering/VolRender/CMakeFiles/CMakeTmp/CheckSymbolExists.cxx
/home/mcifti/VolumeRendering/VolRender/CMakeFiles/CMakeTmp/CheckSymbolExists.cxx: In function ‘int main(int, char**)’:
/home/mcifti/VolumeRendering/VolRender/CMakeFiles/CMakeTmp/CheckSymbolExists.cxx:8:19: error: ‘Q_WS_QWS’ was not declared in this scope
make[1]: *** [CMakeFiles/cmTryCompileExec3234571262.dir/CheckSymbolExists.cxx.o] Erreur 1
make[1]: quittant le répertoire « /home/mcifti/VolumeRendering/VolRender/CMakeFiles/CMakeTmp »
make: *** [cmTryCompileExec3234571262/fast] Erreur 2

File /home/mcifti/VolumeRendering/VolRender/CMakeFiles/CMakeTmp/CheckSymbolExists.cxx:
/* */
#include <QtCore/qglobal.h>

int main(int argc, char** argv)
{
  (void)argv;
#ifndef Q_WS_QWS
  return ((int*)(&Q_WS_QWS))[argc];
#else
  (void)argc;
  return 0;
#endif
}

Determining if the Q_WS_MAC exist failed with the following output:
Change Dir: /home/mcifti/VolumeRendering/VolRender/CMakeFiles/CMakeTmp

Run Build Command:/usr/bin/make "cmTryCompileExec913798032/fast"
/usr/bin/make -f CMakeFiles/cmTryCompileExec913798032.dir/build.make CMakeFiles/cmTryCompileExec913798032.dir/build
make[1]: entrant dans le répertoire « /home/mcifti/VolumeRendering/VolRender/CMakeFiles/CMakeTmp »
/usr/bin/cmake -E cmake_progress_report /home/mcifti/VolumeRendering/VolRender/CMakeFiles/CMakeTmp/CMakeFiles 1
Building CXX object CMakeFiles/cmTryCompileExec913798032.dir/CheckSymbolExists.cxx.o
/usr/bin/c++    -I/usr/include/qt4    -o CMakeFiles/cmTryCompileExec913798032.dir/CheckSymbolExists.cxx.o -c /home/mcifti/VolumeRendering/VolRender/CMakeFiles/CMakeTmp/CheckSymbolExists.cxx
/home/mcifti/VolumeRendering/VolRender/CMakeFiles/CMakeTmp/CheckSymbolExists.cxx: In function ‘int main(int, char**)’:
/home/mcifti/VolumeRendering/VolRender/CMakeFiles/CMakeTmp/CheckSymbolExists.cxx:8:19: error: ‘Q_WS_MAC’ was not declared in this scope
make[1]: *** [CMakeFiles/cmTryCompileExec913798032.dir/CheckSymbolExists.cxx.o] Erreur 1
make[1]: quittant le répertoire « /home/mcifti/VolumeRendering/VolRender/CMakeFiles/CMakeTmp »
make: *** [cmTryCompileExec913798032/fast] Erreur 2

File /home/mcifti/VolumeRendering/VolRender/CMakeFiles/CMakeTmp/CheckSymbolExists.cxx:
/* */
#include <QtCore/qglobal.h>

int main(int argc, char** argv)
{
  (void)argv;
#ifndef Q_WS_MAC
  return ((int*)(&Q_WS_MAC))[argc];
#else
  (void)argc;
  return 0;
#endif
}

